0 info it worked if it ends with ok
1 verbose cli [ '/usr/bin/node', '/usr/bin/npm', 'run', 'build' ]
2 info using npm@3.5.2
3 info using node@v8.10.0
4 verbose run-script [ 'prebuild', 'build', 'postbuild' ]
5 info lifecycle starship@1.0.0~prebuild: starship@1.0.0
6 silly lifecycle starship@1.0.0~prebuild: no script for prebuild, continuing
7 info lifecycle starship@1.0.0~build: starship@1.0.0
8 verbose lifecycle starship@1.0.0~build: unsafe-perm in lifecycle true
9 verbose lifecycle starship@1.0.0~build: PATH: /usr/share/npm/bin/node-gyp-bin:/mnt/c/Users/victo/OneDrive/Bureau/L3/Cours/L3 Sem2/JS/js/starship/node_modules/.bin:/usr/local/sbin:/usr/local/bin:/usr/sbin:/usr/bin:/sbin:/bin:/usr/games:/usr/local/games:/mnt/c/Program Files (x86)/Common Files/Oracle/Java/javapath:/mnt/c/Program Files (x86)/Intel/iCLS Client/:/mnt/c/Program Files/Intel/iCLS Client/:/mnt/c/WINDOWS/system32:/mnt/c/WINDOWS:/mnt/c/WINDOWS/System32/Wbem:/mnt/c/WINDOWS/System32/WindowsPowerShell/v1.0/:/mnt/c/Program Files (x86)/Intel/Intel(R) Management Engine Components/DAL:/mnt/c/Program Files/Intel/Intel(R) Management Engine Components/DAL:/mnt/c/Program Files (x86)/Intel/Intel(R) Management Engine Components/IPT:/mnt/c/Program Files/Intel/Intel(R) Management Engine Components/IPT:/mnt/c/WINDOWS/System32/OpenSSH/:/mnt/c/Program Files (x86)/Java/jdk1.8.0_191/bin:/mnt/c/Program Files/Git/cmd:/mnt/c/Users/victo/OneDrive/Bureau/L3/Cours/jflex-1.7.0/bin:/mnt/c/Users/victo/AppData/Local/Microsoft/WindowsApps:/mnt/c/Users/victo/AppData/Local/GitHubDesktop/bin:/mnt/c/apache-maven-3.6.2/bin:/mnt/c/Users/victo/AppData/Local/Microsoft/WindowsApps:/mnt/c/Users/victo/OneDrive/Bureau/L3/Cours/jflex-1.7.0/bin:/snap/bin
10 verbose lifecycle starship@1.0.0~build: CWD: /mnt/c/Users/victo/OneDrive/Bureau/L3/Cours/L3 Sem2/JS/js/starship
11 silly lifecycle starship@1.0.0~build: Args: [ '-c', 'webpack' ]
12 silly lifecycle starship@1.0.0~build: Returned: code: 2  signal: null
13 info lifecycle starship@1.0.0~build: Failed to exec build script
14 verbose stack Error: starship@1.0.0 build: `webpack`
14 verbose stack Exit status 2
14 verbose stack     at EventEmitter.<anonymous> (/usr/share/npm/lib/utils/lifecycle.js:232:16)
14 verbose stack     at emitTwo (events.js:126:13)
14 verbose stack     at EventEmitter.emit (events.js:214:7)
14 verbose stack     at ChildProcess.<anonymous> (/usr/share/npm/lib/utils/spawn.js:24:14)
14 verbose stack     at emitTwo (events.js:126:13)
14 verbose stack     at ChildProcess.emit (events.js:214:7)
14 verbose stack     at maybeClose (internal/child_process.js:925:16)
14 verbose stack     at Process.ChildProcess._handle.onexit (internal/child_process.js:209:5)
15 verbose pkgid starship@1.0.0
16 verbose cwd /mnt/c/Users/victo/OneDrive/Bureau/L3/Cours/L3 Sem2/JS/js/starship
17 error Linux 4.4.0-18362-Microsoft
18 error argv "/usr/bin/node" "/usr/bin/npm" "run" "build"
19 error node v8.10.0
20 error npm  v3.5.2
21 error code ELIFECYCLE
22 error starship@1.0.0 build: `webpack`
22 error Exit status 2
23 error Failed at the starship@1.0.0 build script 'webpack'.
23 error Make sure you have the latest version of node.js and npm installed.
23 error If you do, this is most likely a problem with the starship package,
23 error not with npm itself.
23 error Tell the author that this fails on your system:
23 error     webpack
23 error You can get information on how to open an issue for this project with:
23 error     npm bugs starship
23 error Or if that isn't available, you can get their info via:
23 error     npm owner ls starship
23 error There is likely additional logging output above.
24 verbose exit [ 1, true ]
